Method- GET - / - Sat Dec 01 2018 02:11:38 GMT+0530 (India Standard Time)Method- POST - / - Sat Dec 01 2018 02:11:45 GMT+0530 (India Standard Time)Method- GET - / - Sat Dec 01 2018 02:12:17 GMT+0530 (India Standard Time) 
Method- POST - / - Sat Dec 01 2018 02:12:21 GMT+0530 (India Standard Time) 
Method- POST - / - Sat Dec 01 2018 02:14:21 GMT+0530 (India Standard Time) 
Method- POST - / - Sat Dec 01 2018 02:25:44 GMT+0530 (India Standard Time) 
Method- POST - / - Sat Dec 01 2018 02:45:49 GMT+0530 (India Standard Time) 
Method- GET - / - Sat Dec 01 2018 02:49:49 GMT+0530 (India Standard Time) 
Method- POST - / - Sat Dec 01 2018 02:49:54 GMT+0530 (India Standard Time) 
Method- POST - / - Sat Dec 01 2018 03:02:05 GMT+0530 (India Standard Time) 
Method- GET - / - Sat Dec 01 2018 03:02:14 GMT+0530 (India Standard Time) 
Method- POST - / - Sat Dec 01 2018 03:02:19 GMT+0530 (India Standard Time) 
Method- GET - / - Sat Dec 01 2018 03:04:48 GMT+0530 (India Standard Time) 
Method- GET - / - Sat Dec 01 2018 09:38:29 GMT+0530 (India Standard Time) 
Method- GET - /favicon.ico - Sat Dec 01 2018 09:38:30 GMT+0530 (India Standard Time) 
Method- POST - / - Sat Dec 01 2018 09:40:29 GMT+0530 (India Standard Time) 
Method- GET - / - Sat Dec 01 2018 09:41:40 GMT+0530 (India Standard Time) 
Method- POST - / - Sat Dec 01 2018 09:41:44 GMT+0530 (India Standard Time) 
Method- GET - / - Sat Dec 01 2018 10:37:04 GMT+0530 (India Standard Time) 
Method- POST - / - Sat Dec 01 2018 10:37:09 GMT+0530 (India Standard Time) 
Method- GET - / - Sat Dec 01 2018 10:37:44 GMT+0530 (India Standard Time) 
Method- POST - / - Sat Dec 01 2018 10:37:51 GMT+0530 (India Standard Time) 
Method- POST - / - Sat Dec 01 2018 10:41:43 GMT+0530 (India Standard Time) 
Method- GET - / - Sat Dec 01 2018 10:41:47 GMT+0530 (India Standard Time) 
Method- GET - / - Sat Dec 01 2018 11:32:15 GMT+0530 (India Standard Time) 
Method- POST - / - Sat Dec 01 2018 11:32:20 GMT+0530 (India Standard Time) 
Method- POST - / - Sat Dec 01 2018 11:38:32 GMT+0530 (India Standard Time) 
Method- POST - / - Sat Dec 01 2018 11:39:05 GMT+0530 (India Standard Time) 
Method- GET - / - Sat Dec 01 2018 11:39:09 GMT+0530 (India Standard Time) 
Method- GET - / - Sat Dec 01 2018 11:39:40 GMT+0530 (India Standard Time) 
Method- GET - / - Sat Dec 01 2018 11:40:53 GMT+0530 (India Standard Time) 
Method- GET - / - Sat Dec 01 2018 11:46:29 GMT+0530 (India Standard Time) 
Method- GET - / - Sat Dec 01 2018 11:48:40 GMT+0530 (India Standard Time) 
Method- POST - / - Sat Dec 01 2018 11:48:48 GMT+0530 (India Standard Time) 
Method- POST - / - Sat Dec 01 2018 11:49:15 GMT+0530 (India Standard Time) 
Method- POST - / - Sat Dec 01 2018 11:49:34 GMT+0530 (India Standard Time) 
Method- POST - / - Sat Dec 01 2018 11:50:44 GMT+0530 (India Standard Time) 
Method- POST - / - Sat Dec 01 2018 11:51:09 GMT+0530 (India Standard Time) 
Method- GET - / - Sat Dec 01 2018 11:51:16 GMT+0530 (India Standard Time) 
Method- GET - / - Sat Dec 01 2018 11:51:38 GMT+0530 (India Standard Time) 
Method- GET - / - Sat Dec 01 2018 11:51:53 GMT+0530 (India Standard Time) 
Method- POST - / - Sat Dec 01 2018 11:54:06 GMT+0530 (India Standard Time) 
Method- POST - / - Sat Dec 01 2018 11:54:36 GMT+0530 (India Standard Time) 
Method- GET - / - Sat Dec 01 2018 11:54:40 GMT+0530 (India Standard Time) 
Method- POST - / - Sat Dec 01 2018 11:55:39 GMT+0530 (India Standard Time) 
Method- POST - / - Sat Dec 01 2018 11:57:02 GMT+0530 (India Standard Time) 
Method- GET - / - Sat Dec 01 2018 11:57:09 GMT+0530 (India Standard Time) 
Method- POST - / - Sat Dec 01 2018 11:57:17 GMT+0530 (India Standard Time) 
Method- GET - / - Sat Dec 01 2018 11:57:33 GMT+0530 (India Standard Time) 
Method- POST - / - Sat Dec 01 2018 12:01:05 GMT+0530 (India Standard Time) 
Method- POST - / - Sat Dec 01 2018 12:01:42 GMT+0530 (India Standard Time) 
Method- POST - / - Sat Dec 01 2018 12:01:48 GMT+0530 (India Standard Time) 
Method- POST - / - Sat Dec 01 2018 12:01:56 GMT+0530 (India Standard Time) 
Method- POST - / - Sat Dec 01 2018 12:02:58 GMT+0530 (India Standard Time) 
Method- GET - / - Sat Dec 01 2018 12:03:18 GMT+0530 (India Standard Time) 
Method- POST - / - Sat Dec 01 2018 12:04:51 GMT+0530 (India Standard Time) 
Method- POST - / - Sat Dec 01 2018 12:07:19 GMT+0530 (India Standard Time) 
Method- POST - / - Sat Dec 01 2018 12:07:23 GMT+0530 (India Standard Time) 
Method- POST - / - Sat Dec 01 2018 12:09:17 GMT+0530 (India Standard Time) 
Method- POST - / - Sat Dec 01 2018 12:09:58 GMT+0530 (India Standard Time) 
Method- POST - / - Sat Dec 01 2018 12:10:09 GMT+0530 (India Standard Time) 
Method- POST - / - Sat Dec 01 2018 12:11:07 GMT+0530 (India Standard Time) 
Method- POST - / - Sat Dec 01 2018 12:11:26 GMT+0530 (India Standard Time) 
Method- POST - / - Sat Dec 01 2018 12:11:44 GMT+0530 (India Standard Time) 
Method- POST - / - Sat Dec 01 2018 12:12:00 GMT+0530 (India Standard Time) 
Method- POST - / - Sat Dec 01 2018 12:12:18 GMT+0530 (India Standard Time) 
Method- POST - / - Sat Dec 01 2018 12:22:12 GMT+0530 (India Standard Time) 
Method- GET - / - Sat Dec 01 2018 12:22:20 GMT+0530 (India Standard Time) 
Method- GET - / - Sat Dec 01 2018 12:22:49 GMT+0530 (India Standard Time) 
Method- GET - / - Sat Dec 01 2018 12:23:11 GMT+0530 (India Standard Time) 
Method- GET - / - Sat Dec 01 2018 12:23:24 GMT+0530 (India Standard Time) 
Method- POST - / - Sat Dec 01 2018 12:23:27 GMT+0530 (India Standard Time) 
Method- GET - / - Sat Dec 01 2018 12:23:41 GMT+0530 (India Standard Time) 
Method- POST - /new - Sat Dec 01 2018 12:23:43 GMT+0530 (India Standard Time) 
Method- GET - / - Sat Dec 01 2018 12:24:55 GMT+0530 (India Standard Time) 
Method- GET - /new? - Sat Dec 01 2018 12:24:58 GMT+0530 (India Standard Time) 
Method- GET - / - Sat Dec 01 2018 12:28:55 GMT+0530 (India Standard Time) 
Method- GET - /new? - Sat Dec 01 2018 12:28:59 GMT+0530 (India Standard Time) 
Method- POST - /new - Sat Dec 01 2018 12:29:17 GMT+0530 (India Standard Time) 
Method- GET - / - Sat Dec 01 2018 12:31:04 GMT+0530 (India Standard Time) 
Method- GET - /new? - Sat Dec 01 2018 12:31:07 GMT+0530 (India Standard Time) 
Method- POST - / - Sat Dec 01 2018 12:31:21 GMT+0530 (India Standard Time) 
Method- POST - / - Sat Dec 01 2018 12:31:37 GMT+0530 (India Standard Time) 
Method- GET - / - Sat Dec 01 2018 12:31:42 GMT+0530 (India Standard Time) 
Method- GET - /new? - Sat Dec 01 2018 12:31:45 GMT+0530 (India Standard Time) 
Method- POST - /new - Sat Dec 01 2018 12:31:55 GMT+0530 (India Standard Time) 
Method- GET - / - Sat Dec 01 2018 12:32:17 GMT+0530 (India Standard Time) 
Method- GET - / - Sat Dec 01 2018 12:34:00 GMT+0530 (India Standard Time) 
Method- GET - /new? - Sat Dec 01 2018 12:34:02 GMT+0530 (India Standard Time) 
Method- POST - /new - Sat Dec 01 2018 12:34:24 GMT+0530 (India Standard Time) 
Method- GET - /new - Sat Dec 01 2018 12:34:47 GMT+0530 (India Standard Time) 
Method- GET - / - Sat Dec 01 2018 12:34:55 GMT+0530 (India Standard Time) 
Method- GET - /new? - Sat Dec 01 2018 12:36:34 GMT+0530 (India Standard Time) 
Method- POST - /new - Sat Dec 01 2018 12:36:43 GMT+0530 (India Standard Time) 
Method- POST - /new - Sat Dec 01 2018 12:37:26 GMT+0530 (India Standard Time) 
Method- GET - / - Sat Dec 01 2018 12:37:26 GMT+0530 (India Standard Time) 
Method- GET - /new? - Sat Dec 01 2018 12:37:29 GMT+0530 (India Standard Time) 
Method- POST - /new - Sat Dec 01 2018 12:37:37 GMT+0530 (India Standard Time) 
Method- GET - / - Sat Dec 01 2018 12:37:37 GMT+0530 (India Standard Time) 
Method- GET - / - Sat Dec 01 2018 12:37:40 GMT+0530 (India Standard Time) 
Method- GET - / - Sat Dec 01 2018 12:51:26 GMT+0530 (India Standard Time) 
Method- GET - /new? - Sat Dec 01 2018 12:51:37 GMT+0530 (India Standard Time) 
Method- GET - /new? - Sat Dec 01 2018 12:52:32 GMT+0530 (India Standard Time) 
Method- GET - /new? - Sat Dec 01 2018 12:53:54 GMT+0530 (India Standard Time) 
Method- GET - /new? - Sat Dec 01 2018 12:54:25 GMT+0530 (India Standard Time) 
Method- GET - /new? - Sat Dec 01 2018 12:54:35 GMT+0530 (India Standard Time) 
Method- GET - /new? - Sat Dec 01 2018 12:54:49 GMT+0530 (India Standard Time) 
Method- GET - /new? - Sat Dec 01 2018 13:31:46 GMT+0530 (India Standard Time) 
Method- POST - /new - Sat Dec 01 2018 13:31:54 GMT+0530 (India Standard Time) 
Method- GET - / - Sat Dec 01 2018 13:31:55 GMT+0530 (India Standard Time) 
Method- GET - /%7B/todos5c0231459e71b822ac12b3bc%7D - Sat Dec 01 2018 13:44:47 GMT+0530 (India Standard Time) 
Method- GET - / - Sat Dec 01 2018 13:58:56 GMT+0530 (India Standard Time) 
Method- GET - /%7B/todos/5c0233030cf5f4234ca670e3%7D - Sat Dec 01 2018 13:59:01 GMT+0530 (India Standard Time) 
Method- GET - / - Sat Dec 01 2018 13:59:39 GMT+0530 (India Standard Time) 
Method- GET - /%7B/todos/5c0231459e71b822ac12b3bc%7D - Sat Dec 01 2018 13:59:44 GMT+0530 (India Standard Time) 
Method- GET - / - Sat Dec 01 2018 14:00:11 GMT+0530 (India Standard Time) 
Method- GET - /todos/5c0231459e71b822ac12b3bc - Sat Dec 01 2018 14:00:14 GMT+0530 (India Standard Time) 
Method- GET - /todos/5c02332efa903b236cb075bb - Sat Dec 01 2018 14:00:22 GMT+0530 (India Standard Time) 
Method- GET - / - Sat Dec 01 2018 14:01:02 GMT+0530 (India Standard Time) 
Method- GET - /todos/5c023339fa903b236cb075bc - Sat Dec 01 2018 14:01:04 GMT+0530 (India Standard Time) 
Method- GET - / - Sat Dec 01 2018 14:02:17 GMT+0530 (India Standard Time) 
Method- GET - /todos/5c023ff220872126813de6b0 - Sat Dec 01 2018 14:02:23 GMT+0530 (India Standard Time) 
Method- GET - / - Sat Dec 01 2018 14:03:18 GMT+0530 (India Standard Time) 
Method- GET - /todos/5c0231e39e71b822ac12b3bd - Sat Dec 01 2018 14:03:21 GMT+0530 (India Standard Time) 
Method- GET - / - Sat Dec 01 2018 14:04:37 GMT+0530 (India Standard Time) 
Method- GET - /todos/5c0233030cf5f4234ca670e3 - Sat Dec 01 2018 14:04:39 GMT+0530 (India Standard Time) 
Method- GET - / - Sat Dec 01 2018 14:05:09 GMT+0530 (India Standard Time) 
Method- GET - /todos/5c0233030cf5f4234ca670e3 - Sat Dec 01 2018 14:05:12 GMT+0530 (India Standard Time) 
Method- GET - /todos/5c02332efa903b236cb075bb - Sat Dec 01 2018 14:05:22 GMT+0530 (India Standard Time) 
Method- GET - /todos/5c02332efa903b236cb075bb - Sat Dec 01 2018 14:07:25 GMT+0530 (India Standard Time) 
Method- GET - / - Sat Dec 01 2018 14:07:33 GMT+0530 (India Standard Time) 
Method- GET - / - Sat Dec 01 2018 14:08:59 GMT+0530 (India Standard Time) 
Method- GET - / - Sat Dec 01 2018 14:09:27 GMT+0530 (India Standard Time) 
Method- GET - / - Sat Dec 01 2018 14:09:51 GMT+0530 (India Standard Time) 
Method- GET - /new? - Sat Dec 01 2018 14:10:14 GMT+0530 (India Standard Time) 
Method- POST - /new - Sat Dec 01 2018 14:10:20 GMT+0530 (India Standard Time) 
Method- GET - / - Sat Dec 01 2018 14:10:21 GMT+0530 (India Standard Time) 
Method- GET - /new? - Sat Dec 01 2018 14:10:23 GMT+0530 (India Standard Time) 
Method- POST - /new - Sat Dec 01 2018 14:10:32 GMT+0530 (India Standard Time) 
Method- GET - / - Sat Dec 01 2018 14:10:32 GMT+0530 (India Standard Time) 
Method- GET - /todos/5c0248f41ddf2a2e7e304069 - Sat Dec 01 2018 14:10:34 GMT+0530 (India Standard Time) 
Method- GET - / - Sat Dec 01 2018 14:11:29 GMT+0530 (India Standard Time) 
Method- GET - /new? - Sat Dec 01 2018 14:11:32 GMT+0530 (India Standard Time) 
Method- POST - /new - Sat Dec 01 2018 14:11:50 GMT+0530 (India Standard Time) 
Method- GET - / - Sat Dec 01 2018 14:11:50 GMT+0530 (India Standard Time) 
Method- GET - /new? - Sat Dec 01 2018 14:11:52 GMT+0530 (India Standard Time) 
Method- POST - /new - Sat Dec 01 2018 14:12:07 GMT+0530 (India Standard Time) 
Method- GET - / - Sat Dec 01 2018 14:12:07 GMT+0530 (India Standard Time) 
Method- GET - /todos/5c02494e1ddf2a2e7e30406b - Sat Dec 01 2018 14:12:10 GMT+0530 (India Standard Time) 
Method- GET - /todos/5c02494e1ddf2a2e7e30406b - Sat Dec 01 2018 14:12:47 GMT+0530 (India Standard Time) 
Method- GET - /todos/5c02494e1ddf2a2e7e30406b - Sat Dec 01 2018 14:13:17 GMT+0530 (India Standard Time) 
Method- GET - /todos/ - Sat Dec 01 2018 14:45:35 GMT+0530 (India Standard Time) 
Method- GET - / - Sat Dec 01 2018 14:45:50 GMT+0530 (India Standard Time) 
Method- GET - /style.css - Sat Dec 01 2018 14:45:50 GMT+0530 (India Standard Time) 
Method- GET - / - Sat Dec 01 2018 14:46:13 GMT+0530 (India Standard Time) 
Method- GET - /todos/5c02494e1ddf2a2e7e30406b - Sat Dec 01 2018 14:46:16 GMT+0530 (India Standard Time) 
Method- GET - /todos/5c02494e1ddf2a2e7e30406b - Sat Dec 01 2018 14:49:46 GMT+0530 (India Standard Time) 
Method- GET - /todos/5c02494e1ddf2a2e7e30406b - Sat Dec 01 2018 14:50:17 GMT+0530 (India Standard Time) 
Method- GET - / - Sat Dec 01 2018 14:50:52 GMT+0530 (India Standard Time) 
Method- GET - / - Sat Dec 01 2018 14:52:22 GMT+0530 (India Standard Time) 
Method- GET - / - Sat Dec 01 2018 14:53:11 GMT+0530 (India Standard Time) 
Method- GET - / - Sat Dec 01 2018 14:54:16 GMT+0530 (India Standard Time) 
Method- GET - / - Sat Dec 01 2018 14:54:35 GMT+0530 (India Standard Time) 
Method- GET - / - Sat Dec 01 2018 14:57:43 GMT+0530 (India Standard Time) 
Method- GET - / - Sat Dec 01 2018 14:58:31 GMT+0530 (India Standard Time) 
Method- GET - / - Sat Dec 01 2018 14:58:53 GMT+0530 (India Standard Time) 
Method- GET - / - Sat Dec 01 2018 15:00:20 GMT+0530 (India Standard Time) 
Method- GET - / - Sat Dec 01 2018 15:00:49 GMT+0530 (India Standard Time) 
Method- GET - / - Sat Dec 01 2018 15:02:36 GMT+0530 (India Standard Time) 
Method- GET - / - Sat Dec 01 2018 15:05:34 GMT+0530 (India Standard Time) 
Method- GET - / - Sat Dec 01 2018 15:06:22 GMT+0530 (India Standard Time) 
Method- GET - / - Sat Dec 01 2018 15:06:42 GMT+0530 (India Standard Time) 
Method- GET - / - Sat Dec 01 2018 15:07:35 GMT+0530 (India Standard Time) 
Method- GET - / - Sat Dec 01 2018 15:07:51 GMT+0530 (India Standard Time) 
Method- GET - / - Sat Dec 01 2018 15:08:47 GMT+0530 (India Standard Time) 
Method- GET - / - Sat Dec 01 2018 15:09:48 GMT+0530 (India Standard Time) 
Method- GET - / - Sat Dec 01 2018 15:11:25 GMT+0530 (India Standard Time) 
Method- GET - / - Sat Dec 01 2018 15:12:07 GMT+0530 (India Standard Time) 
Method- GET - / - Sat Dec 01 2018 15:12:44 GMT+0530 (India Standard Time) 
Method- GET - / - Sat Dec 01 2018 15:12:58 GMT+0530 (India Standard Time) 
Method- GET - / - Sat Dec 01 2018 15:13:33 GMT+0530 (India Standard Time) 
Method- GET - / - Sat Dec 01 2018 15:14:09 GMT+0530 (India Standard Time) 
Method- GET - / - Sat Dec 01 2018 15:14:54 GMT+0530 (India Standard Time) 
Method- GET - / - Sat Dec 01 2018 15:18:05 GMT+0530 (India Standard Time) 
Method- GET - /todos/5c02495f1ddf2a2e7e30406c - Sat Dec 01 2018 15:18:13 GMT+0530 (India Standard Time) 
Method- GET - /todos/5c02495f1ddf2a2e7e30406c - Sat Dec 01 2018 15:20:41 GMT+0530 (India Standard Time) 
Method- GET - /todos/5c02495f1ddf2a2e7e30406c - Sat Dec 01 2018 15:21:44 GMT+0530 (India Standard Time) 
Method- GET - /todos/5c02495f1ddf2a2e7e30406c - Sat Dec 01 2018 15:22:03 GMT+0530 (India Standard Time) 
Method- GET - /todos/5c02495f1ddf2a2e7e30406c - Sat Dec 01 2018 15:22:31 GMT+0530 (India Standard Time) 
Method- GET - / - Sat Dec 01 2018 15:23:20 GMT+0530 (India Standard Time) 
Method- GET - /new? - Sat Dec 01 2018 15:23:22 GMT+0530 (India Standard Time) 
Method- POST - /new - Sat Dec 01 2018 15:23:41 GMT+0530 (India Standard Time) 
Method- GET - / - Sat Dec 01 2018 15:23:41 GMT+0530 (India Standard Time) 
Method- GET - /todos/5c025a25c4fddb321de4d222 - Sat Dec 01 2018 15:23:49 GMT+0530 (India Standard Time) 
Method- GET - /todos/5c025a25c4fddb321de4d222 - Sat Dec 01 2018 15:29:21 GMT+0530 (India Standard Time) 
Method- GET - /todos/5c025a25c4fddb321de4d222 - Sat Dec 01 2018 15:30:15 GMT+0530 (India Standard Time) 
Method- GET - / - Sat Dec 01 2018 15:51:04 GMT+0530 (India Standard Time) 
Method- GET - /new? - Sat Dec 01 2018 15:51:06 GMT+0530 (India Standard Time) 
Method- GET - /new? - Sat Dec 01 2018 15:51:52 GMT+0530 (India Standard Time) 
Method- GET - / - Sat Dec 01 2018 17:57:44 GMT+0530 (India Standard Time) 
Method- GET - /new? - Sat Dec 01 2018 17:58:45 GMT+0530 (India Standard Time) 
Method- GET - /new? - Sat Dec 01 2018 18:02:25 GMT+0530 (India Standard Time) 
Method- GET - / - Sat Dec 01 2018 18:02:31 GMT+0530 (India Standard Time) 
Method- GET - /todos/5c02494e1ddf2a2e7e30406b - Sat Dec 01 2018 18:02:33 GMT+0530 (India Standard Time) 
Method- GET - /todos/5c02494e1ddf2a2e7e30406b - Sat Dec 01 2018 18:13:29 GMT+0530 (India Standard Time) 
Method- GET - /todos/5c02494e1ddf2a2e7e30406b/update - Sat Dec 01 2018 18:13:31 GMT+0530 (India Standard Time) 
Method- GET - /todos/5c02494e1ddf2a2e7e30406b/update - Sat Dec 01 2018 18:13:51 GMT+0530 (India Standard Time) 
Method- GET - /todos/style.css - Sat Dec 01 2018 18:13:51 GMT+0530 (India Standard Time) 
Method- GET - / - Sat Dec 01 2018 18:15:52 GMT+0530 (India Standard Time) 
Method- GET - /todos/5c02495f1ddf2a2e7e30406c - Sat Dec 01 2018 18:15:55 GMT+0530 (India Standard Time) 
Method- GET - /todos/5c02495f1ddf2a2e7e30406c/update - Sat Dec 01 2018 18:15:57 GMT+0530 (India Standard Time) 
Method- GET - /todos/style.css - Sat Dec 01 2018 18:15:57 GMT+0530 (India Standard Time) 
Method- GET - / - Sat Dec 01 2018 18:18:40 GMT+0530 (India Standard Time) 
Method- GET - /todos/5c025a25c4fddb321de4d222 - Sat Dec 01 2018 18:18:44 GMT+0530 (India Standard Time) 
Method- GET - /todos/5c025a25c4fddb321de4d222/update - Sat Dec 01 2018 18:18:46 GMT+0530 (India Standard Time) 
Method- GET - /todos/style.css - Sat Dec 01 2018 18:18:46 GMT+0530 (India Standard Time) 
Method- GET - / - Sat Dec 01 2018 18:21:34 GMT+0530 (India Standard Time) 
Method- GET - /todos/5c02494e1ddf2a2e7e30406b - Sat Dec 01 2018 18:21:38 GMT+0530 (India Standard Time) 
Method- GET - /todos/5c02494e1ddf2a2e7e30406b/update - Sat Dec 01 2018 18:21:41 GMT+0530 (India Standard Time) 
Method- GET - /todos/style.css - Sat Dec 01 2018 18:21:41 GMT+0530 (India Standard Time) 
Method- GET - / - Sat Dec 01 2018 18:30:33 GMT+0530 (India Standard Time) 
Method- GET - /todos/5c02495f1ddf2a2e7e30406c - Sat Dec 01 2018 18:30:39 GMT+0530 (India Standard Time) 
Method- GET - /todos/5c02495f1ddf2a2e7e30406c/edit - Sat Dec 01 2018 18:30:41 GMT+0530 (India Standard Time) 
Method- GET - /todos/style.css - Sat Dec 01 2018 18:30:41 GMT+0530 (India Standard Time) 
Method- GET - / - Sat Dec 01 2018 22:48:22 GMT+0530 (India Standard Time) 
Method- GET - /todos/5c02495f1ddf2a2e7e30406c - Sat Dec 01 2018 22:48:37 GMT+0530 (India Standard Time) 
Method- GET - /todos/5c02495f1ddf2a2e7e30406c/edit - Sat Dec 01 2018 22:48:39 GMT+0530 (India Standard Time) 
Method- GET - /todos/style.css - Sat Dec 01 2018 22:48:39 GMT+0530 (India Standard Time) 
Method- GET - / - Sat Dec 01 2018 22:49:08 GMT+0530 (India Standard Time) 
Method- GET - /todos/5c02494e1ddf2a2e7e30406b - Sat Dec 01 2018 22:49:11 GMT+0530 (India Standard Time) 
Method- GET - /todos/5c02494e1ddf2a2e7e30406b/edit - Sat Dec 01 2018 22:49:14 GMT+0530 (India Standard Time) 
Method- GET - /todos/style.css - Sat Dec 01 2018 22:49:14 GMT+0530 (India Standard Time) 
Method- GET - /todos/5c02494e1ddf2a2e7e30406b/edit - Sat Dec 01 2018 22:51:17 GMT+0530 (India Standard Time) 
Method- GET - /todos/style.css - Sat Dec 01 2018 22:51:18 GMT+0530 (India Standard Time) 
Method- GET - / - Sat Dec 01 2018 22:52:35 GMT+0530 (India Standard Time) 
Method- GET - /todos/5c02495f1ddf2a2e7e30406c - Sat Dec 01 2018 22:52:39 GMT+0530 (India Standard Time) 
Method- GET - /todos/5c02495f1ddf2a2e7e30406c/edit - Sat Dec 01 2018 22:52:41 GMT+0530 (India Standard Time) 
Method- GET - /todos/style.css - Sat Dec 01 2018 22:52:41 GMT+0530 (India Standard Time) 
